Checking gradients of objective function.
Derivative checker results: 3 error(s) detected.

* eval_grad_f[ 1 ] =  7.861908e+04 ~  9.272927e+04   [1.521655e-01]
* eval_grad_f[ 2 ] =  2.563988e+04 ~  2.957988e+04   [1.331984e-01]
* eval_grad_f[ 3 ] = -8.993172e+04 ~ -1.080179e+05   [1.674373e-01]


iteration: 1
	x = ( 1.000000, 2.000000, 0.500000 )
	f(x) = 45990.485279
iteration: 2
	x = ( 0.100000, 1.706485, 1.529503 )
	f(x) = 12232.237584
iteration: 3
	x = ( 0.126820, 1.706235, 1.503870 )
	f(x) = 12113.374387
iteration: 4
	x = ( 0.316741, 1.704464, 1.322362 )
	f(x) = 11631.793148
iteration: 5
	x = ( 0.304099, 1.659374, 1.150463 )
	f(x) = 11390.443745
iteration: 6
	x = ( 0.100000, 1.447782, 0.468228 )
	f(x) = 10715.755889
iteration: 7
	x = ( 0.100000, 1.409639, 0.584315 )
	f(x) = 10716.178243
iteration: 8
	x = ( 0.100000, 1.429102, 0.525079 )
	f(x) = 10709.118492
iteration: 9
	x = ( 0.100000, 1.398590, 0.523991 )
	f(x) = 10706.300784
iteration: 10
	x = ( 0.100000, 0.000000, 0.474120 )
	f(x) = 10643.257846
iteration: 11
	x = ( 0.100000, 0.000000, 0.512826 )
	f(x) = 10642.329038
iteration: 12
	x = ( 0.129507, 0.000000, 0.499587 )
	f(x) = 10640.016240
iteration: 13
	x = ( 0.131013, 0.000000, 0.526580 )
	f(x) = 10636.384133
iteration: 14
	x = ( 0.154391, 0.000000, 0.586742 )
	f(x) = 10631.715840
iteration: 15
	x = ( 0.202616, 0.000000, 0.673856 )
	f(x) = 10626.948469
iteration: 16
	x = ( 0.257956, 0.000000, 0.748812 )
	f(x) = 10622.670475
iteration: 17
	x = ( 0.333139, 0.000000, 0.829498 )
	f(x) = 10617.931441
iteration: 18
	x = ( 0.407715, 0.000000, 0.908898 )
	f(x) = 10615.449639
iteration: 19
	x = ( 0.494253, 0.000000, 0.998233 )
	f(x) = 10613.848018
iteration: 20
	x = ( 0.577501, 0.000000, 1.072160 )
	f(x) = 10612.778471
iteration: 21
	x = ( 0.682922, 0.000000, 1.172879 )
	f(x) = 10612.387105
iteration: 22
	x = ( 0.726401, 0.000000, 1.200760 )
	f(x) = 10611.910354
iteration: 23
	x = ( 0.806571, 0.000000, 1.265880 )
	f(x) = 10611.703888
iteration: 24
	x = ( 0.873252, 0.000000, 1.315922 )
	f(x) = 10611.581187
iteration: 25
	x = ( 0.922994, 0.000000, 1.350880 )
	f(x) = 10611.516493
iteration: 26
	x = ( 0.990979, 0.000000, 1.401088 )
	f(x) = 10611.493791
iteration: 27
	x = ( 1.006012, 0.000000, 1.409457 )
	f(x) = 10611.475170
iteration: 28
	x = ( 1.031598, 0.000000, 1.427209 )
	f(x) = 10611.471271
iteration: 29
	x = ( 1.045384, 0.000000, 1.436553 )
	f(x) = 10611.470412
iteration: 30
	x = ( 1.048252, 0.000000, 1.438417 )
	f(x) = 10611.470336
iteration: 31
	x = ( 1.048930, 0.000000, 1.438882 )
	f(x) = 10611.470329
iteration: 32
	x = ( 1.048896, 0.000000, 1.438857 )
	f(x) = 10611.470329
iteration: 33
	x = ( 1.048929, 0.000000, 1.438881 )
	f(x) = 10611.470329
iteration: 34
	x = ( 1.048930, 0.000000, 1.438882 )
	f(x) = 10611.470329
