Checking gradients of objective function.
Derivative checker results: 3 error(s) detected.

* eval_grad_f[ 1 ] =  2.768545e+04 ~  3.258116e+04   [1.502618e-01]
* eval_grad_f[ 2 ] =  9.242381e+03 ~  1.065892e+04   [1.328975e-01]
* eval_grad_f[ 3 ] = -3.491083e+04 ~ -4.173748e+04   [1.635616e-01]


iteration: 1
	x = ( 1.000000, 2.000000, 0.500000 )
	f(x) = 16206.394883
iteration: 2
	x = ( 0.100000, 1.699548, 1.634883 )
	f(x) = 4147.702130
iteration: 3
	x = ( 0.126816, 1.699322, 1.609879 )
	f(x) = 4106.628960
iteration: 4
	x = ( 0.335667, 1.697559, 1.415137 )
	f(x) = 3913.414395
iteration: 5
	x = ( 0.341817, 1.641350, 1.202008 )
	f(x) = 3816.811492
iteration: 6
	x = ( 0.123280, 1.343012, 0.328355 )
	f(x) = 3638.867805
iteration: 7
	x = ( 0.100000, 1.375691, 0.443171 )
	f(x) = 3567.263604
iteration: 8
	x = ( 0.100000, 1.384392, 0.489025 )
	f(x) = 3559.592521
iteration: 9
	x = ( 0.100000, 1.383014, 0.543962 )
	f(x) = 3555.523723
iteration: 10
	x = ( 0.100000, 1.368551, 0.556566 )
	f(x) = 3554.926658
iteration: 11
	x = ( 0.100000, 1.312167, 0.575186 )
	f(x) = 3553.550117
iteration: 12
	x = ( 0.100000, 1.155245, 0.598197 )
	f(x) = 3550.563583
iteration: 13
	x = ( 0.100000, 0.788866, 0.618078 )
	f(x) = 3544.735268
iteration: 14
	x = ( 0.177422, 0.197317, 0.603218 )
	f(x) = 3527.085658
iteration: 15
	x = ( 0.185998, 0.000000, 0.608358 )
	f(x) = 3525.037325
iteration: 16
	x = ( 0.100000, 0.000000, 0.953533 )
	f(x) = 3651.708934
iteration: 17
	x = ( 0.179146, 0.000000, 0.635861 )
	f(x) = 3523.880913
iteration: 18
	x = ( 0.189766, 0.000000, 0.648546 )
	f(x) = 3522.997034
iteration: 19
	x = ( 0.224223, 0.000000, 0.689698 )
	f(x) = 3520.566742
iteration: 20
	x = ( 0.337773, 0.000000, 0.835708 )
	f(x) = 3515.804792
iteration: 21
	x = ( 0.419733, 0.000000, 0.921471 )
	f(x) = 3514.167336
iteration: 22
	x = ( 0.501063, 0.000000, 0.997278 )
	f(x) = 3513.271770
iteration: 23
	x = ( 0.568452, 0.000000, 1.058043 )
	f(x) = 3512.914821
iteration: 24
	x = ( 0.619904, 0.000000, 1.101147 )
	f(x) = 3512.781663
iteration: 25
	x = ( 0.653201, 0.000000, 1.129354 )
	f(x) = 3512.749328
iteration: 26
	x = ( 0.666578, 0.000000, 1.139238 )
	f(x) = 3512.744333
iteration: 27
	x = ( 0.671924, 0.000000, 1.144272 )
	f(x) = 3512.743708
iteration: 28
	x = ( 0.670789, 0.000000, 1.143152 )
	f(x) = 3512.743725
iteration: 29
	x = ( 0.671645, 0.000000, 1.143996 )
	f(x) = 3512.743703
iteration: 30
	x = ( 0.670828, 0.000000, 1.143184 )
	f(x) = 3512.743723
iteration: 31
	x = ( 0.671489, 0.000000, 1.143841 )
	f(x) = 3512.743703
