Checking gradients of objective function.
Derivative checker results: 3 error(s) detected.

* eval_grad_f[ 1 ] =  4.971981e+04 ~  9.494082e+04   [4.763073e-01]
* eval_grad_f[ 2 ] =  1.729157e+04 ~  3.026022e+04   [4.285708e-01]
* eval_grad_f[ 3 ] = -5.592340e+04 ~ -1.113538e+05   [4.977862e-01]


iteration: 1
	x = ( 1.000000, 2.000000, 0.500000 )
	f(x) = 46784.010342
iteration: 2
	x = ( 0.100000, 1.686998, 1.512294 )
	f(x) = 12198.222096
iteration: 3
	x = ( 0.141185, 1.686788, 1.473228 )
	f(x) = 12023.392155
iteration: 4
	x = ( 0.309628, 1.685929, 1.313453 )
	f(x) = 11617.328717
iteration: 5
	x = ( 0.304508, 1.641699, 1.134972 )
	f(x) = 11375.880560
iteration: 6
	x = ( 0.100000, 1.416630, 0.398152 )
	f(x) = 10737.291763
iteration: 7
	x = ( 0.100000, 1.391554, 0.648179 )
	f(x) = 10740.195237
iteration: 8
	x = ( 0.100000, 1.404503, 0.519068 )
	f(x) = 10706.952047
iteration: 9
	x = ( 0.100000, 1.383776, 0.517290 )
	f(x) = 10705.052852
iteration: 10
	x = ( 0.100000, 0.237671, 0.418996 )
	f(x) = 10656.767717
iteration: 11
	x = ( 0.100000, 0.116394, 0.478908 )
	f(x) = 10643.213314
iteration: 12
	x = ( 0.110487, 0.004628, 0.497382 )
	f(x) = 10640.148171
iteration: 13
	x = ( 0.112803, 0.000000, 0.499361 )
	f(x) = 10639.763365
iteration: 14
	x = ( 0.194371, 0.000000, 0.631620 )
	f(x) = 10626.778518
iteration: 15
	x = ( 0.279435, 0.000000, 0.768080 )
	f(x) = 10620.752863
iteration: 16
	x = ( 0.336040, 0.000000, 0.833597 )
	f(x) = 10617.985914
iteration: 17
	x = ( 0.412515, 0.000000, 0.906569 )
	f(x) = 10615.163122
iteration: 18
	x = ( 0.505951, 0.000000, 1.008701 )
	f(x) = 10613.851405
iteration: 19
	x = ( 0.569723, 0.000000, 1.061666 )
	f(x) = 10612.844581
iteration: 20
	x = ( 0.647909, 0.000000, 1.130398 )
	f(x) = 10612.289166
iteration: 21
	x = ( 0.719557, 0.000000, 1.184867 )
	f(x) = 10611.887553
iteration: 22
	x = ( 0.833011, 0.000000, 1.280572 )
	f(x) = 10611.806302
iteration: 23
	x = ( 0.812665, 0.000000, 1.258256 )
	f(x) = 10611.641662
iteration: 24
	x = ( 0.851051, 0.000000, 1.286362 )
	f(x) = 10611.576472
iteration: 25
	x = ( 0.934457, 0.000000, 1.348047 )
	f(x) = 10611.511375
iteration: 26
	x = ( 0.951750, 0.000000, 1.358598 )
	f(x) = 10611.488481
iteration: 27
	x = ( 0.991135, 0.000000, 1.385458 )
	f(x) = 10611.474904
iteration: 28
	x = ( 1.007299, 0.000000, 1.395918 )
	f(x) = 10611.471510
iteration: 29
	x = ( 1.019866, 0.000000, 1.404422 )
	f(x) = 10611.470574
iteration: 30
	x = ( 1.020583, 0.000000, 1.404765 )
	f(x) = 10611.470494
iteration: 31
	x = ( 1.020837, 0.000000, 1.404953 )
	f(x) = 10611.470483
