Checking gradients of objective function.
Derivative checker results: 3 error(s) detected.

* eval_grad_f[ 1 ] =  6.823514e+04 ~  9.327553e+04   [2.684562e-01]
* eval_grad_f[ 2 ] =  2.270313e+04 ~  2.974751e+04   [2.368059e-01]
* eval_grad_f[ 3 ] = -7.712796e+04 ~ -1.088347e+05   [2.913291e-01]


iteration: 1
	x = ( 1.000000, 2.000000, 0.500000 )
	f(x) = 46186.098176
iteration: 2
	x = ( 0.100000, 1.700553, 1.517294 )
	f(x) = 12205.420459
iteration: 3
	x = ( 0.130540, 1.700298, 1.488103 )
	f(x) = 12071.899921
iteration: 4
	x = ( 0.307233, 1.698824, 1.319213 )
	f(x) = 11620.362865
iteration: 5
	x = ( 0.304025, 1.654685, 1.136916 )
	f(x) = 11377.252969
iteration: 6
	x = ( 0.100000, 1.429239, 0.386574 )
	f(x) = 10745.149898
iteration: 7
	x = ( 0.100000, 1.406955, 0.666116 )
	f(x) = 10750.683982
iteration: 8
	x = ( 0.100000, 1.418714, 0.518607 )
	f(x) = 10708.095944
iteration: 9
	x = ( 0.100000, 1.398837, 0.518053 )
	f(x) = 10706.272064
iteration: 10
	x = ( 0.100000, 0.000000, 0.479044 )
	f(x) = 10642.792112
iteration: 11
	x = ( 0.110970, 0.000000, 0.515095 )
	f(x) = 10639.459499
iteration: 12
	x = ( 0.195707, 0.000000, 0.653567 )
	f(x) = 10626.844732
iteration: 13
	x = ( 0.268049, 0.000000, 0.745473 )
	f(x) = 10620.885245
iteration: 14
	x = ( 0.352784, 0.000000, 0.850502 )
	f(x) = 10617.148774
iteration: 15
	x = ( 0.440475, 0.000000, 0.935701 )
	f(x) = 10614.602242
iteration: 16
	x = ( 0.557555, 0.000000, 1.067922 )
	f(x) = 10613.869668
iteration: 17
	x = ( 0.564658, 0.000000, 1.060788 )
	f(x) = 10612.913317
iteration: 18
	x = ( 0.629350, 0.000000, 1.116490 )
	f(x) = 10612.370234
iteration: 19
	x = ( 0.735209, 0.000000, 1.209925 )
	f(x) = 10611.971622
iteration: 20
	x = ( 0.778115, 0.000000, 1.241138 )
	f(x) = 10611.762705
iteration: 21
	x = ( 0.849829, 0.000000, 1.295785 )
	f(x) = 10611.612094
iteration: 22
	x = ( 0.899903, 0.000000, 1.330302 )
	f(x) = 10611.532100
iteration: 23
	x = ( 0.994315, 0.000000, 1.401531 )
	f(x) = 10611.520029
iteration: 24
	x = ( 0.966755, 0.000000, 1.378704 )
	f(x) = 10611.486623
iteration: 25
	x = ( 0.988916, 0.000000, 1.394134 )
	f(x) = 10611.478405
iteration: 26
	x = ( 1.027882, 0.000000, 1.421206 )
	f(x) = 10611.471565
iteration: 27
	x = ( 1.035667, 0.000000, 1.426162 )
	f(x) = 10611.470554
iteration: 28
	x = ( 1.041039, 0.000000, 1.429754 )
	f(x) = 10611.470364
iteration: 29
	x = ( 1.041529, 0.000000, 1.430066 )
	f(x) = 10611.470354
iteration: 30
	x = ( 1.041597, 0.000000, 1.430114 )
	f(x) = 10611.470352
